Commande ECHO d‚sactiv‚e.
 
-------------2020-11-02_14:06:18.13---Flashing 44515 with ArduCamTest---------------------
[2K[1G[2K[1G44515 [e00fce68913c9a24566ada2b] (Boron) is offline
  Functions:
    int Grab Pic (String args) 
    int CleanSD (String args) 
45078 [e00fce6857cf7fdde777cb44] (Boron) is offline
  Variables:
    Station Name (string)
    IPAdress (string)
  Functions:
    int Grab Pic (String args) 
45167 [e00fce681c16ab6f81629968] (Boron) is offline
  Variables:
    Station Name (string)
    IPAdress (string)
  Functions:
    int Grab Pic (String args) 
Including:
    C:\DMU\DEHCamUpdater\Firmware\ArduCamTest.bin

attempting to flash firmware to your device 44515
Failed to flash 44515: Device not discoverable or is offline
Commande ECHO d‚sactiv‚e.
 
-------------2020-11-02_14:06:42.31---Flashing 44515 with ArduCamTest---------------------
[2K[1G[2K[1G44515 [e00fce68913c9a24566ada2b] (Boron) is offline
  Functions:
    int Grab Pic (String args) 
    int CleanSD (String args) 
45078 [e00fce6857cf7fdde777cb44] (Boron) is offline
  Variables:
    Station Name (string)
    IPAdress (string)
  Functions:
    int Grab Pic (String args) 
45167 [e00fce681c16ab6f81629968] (Boron) is offline
  Variables:
    Station Name (string)
    IPAdress (string)
  Functions:
    int Grab Pic (String args) 
Including:
    C:\DMU\DEHCamUpdater\Firmware\ArduCamTest.bin

attempting to flash firmware to your device 44515
Failed to flash 44515: Device not discoverable or is offline

C:\DMU\DEHCamUpdater>Echo
Commande ECHO activ‚e.

C:\DMU\DEHCamUpdater>Echo.  
 

C:\DMU\DEHCamUpdater>Echo -------------2020-11-02_14:07:08.46---Flashing 44515 with ArduCamTest--------------------- 
-------------2020-11-02_14:07:08.46---Flashing 44515 with ArduCamTest---------------------

C:\DMU\DEHCamUpdater>particle list 
[2K[1G[2K[1G44515 [e00fce68913c9a24566ada2b] (Boron) is offline
  Functions:
    int Grab Pic (String args) 
    int CleanSD (String args) 
45078 [e00fce6857cf7fdde777cb44] (Boron) is offline
  Variables:
    Station Name (string)
    IPAdress (string)
  Functions:
    int Grab Pic (String args) 
45167 [e00fce681c16ab6f81629968] (Boron) is offline
  Variables:
    Station Name (string)
    IPAdress (string)
  Functions:
    int Grab Pic (String args) 

C:\DMU\DEHCamUpdater>particle flash 44515  C:\DMU\DEHCamUpdater\Firmware\ArduCamTest.bin 
Including:
    C:\DMU\DEHCamUpdater\Firmware\ArduCamTest.bin

attempting to flash firmware to your device 44515
Failed to flash 44515: Device not discoverable or is offline

 
-------------2020-11-02_14:08:05.38---Flashing 44515 with ArduCamTest---------------------
[2K[1G[2K[1G44515 [e00fce68913c9a24566ada2b] (Boron) is offline
  Functions:
    int Grab Pic (String args) 
    int CleanSD (String args) 
45078 [e00fce6857cf7fdde777cb44] (Boron) is offline
  Variables:
    Station Name (string)
    IPAdress (string)
  Functions:
    int Grab Pic (String args) 
45167 [e00fce681c16ab6f81629968] (Boron) is offline
  Variables:
    Station Name (string)
    IPAdress (string)
  Functions:
    int Grab Pic (String args) 
Including:
    C:\DMU\DEHCamUpdater\Firmware\ArduCamTest.bin

attempting to flash firmware to your device 44515
Failed to flash 44515: Device not discoverable or is offline
